<?xml version="1.0" encoding="UTF-8"?>
<!-- Generated by org.testng.reporters.JUnitReportReporter -->
<testsuite hostname="satsunda.local" name="com.sn.solr.utils.rank.test.RankAlgorithmTest" tests="1" failures="0" timestamp="10 Jan 2012 02:13:32 GMT" time="0.026" errors="0">
  <testcase name="testRank" time="0.026" classname="com.sn.solr.utils.rank.test.RankAlgorithmTest"/>
</testsuite>
