<?xml version="1.0" encoding="UTF-8"?>
<!-- Generated by org.testng.reporters.JUnitReportReporter -->
<testsuite hostname="satsunda.local" name="com.sn.solr.utils.rank.RankAlgorithmTest" tests="1" failures="0" timestamp="2 Jan 2012 05:50:31 GMT" time="0.013" errors="0">
  <testcase name="testDenseRank" time="0.013" classname="com.sn.solr.utils.rank.RankAlgorithmTest"/>
</testsuite>
